{"/home/essid/Projects/Programming/Personal-Projects/cars-packing/lib/utils.ts": {"path":"/home/essid/Projects/Programming/Personal-Projects/cars-packing/lib/utils.ts","all":false,"statementMap":{"0":{"start":{"line":1,"column":0},"end":{"line":1,"column":44}},"1":{"start":{"line":2,"column":0},"end":{"line":2,"column":40}},"2":{"start":{"line":3,"column":0},"end":{"line":3,"column":0}},"3":{"start":{"line":4,"column":0},"end":{"line":4,"column":45}},"4":{"start":{"line":5,"column":0},"end":{"line":5,"column":30}},"5":{"start":{"line":6,"column":0},"end":{"line":6,"column":1}},"6":{"start":{"line":7,"column":0},"end":{"line":7,"column":0}},"7":{"start":{"line":8,"column":0},"end":{"line":8,"column":55}},"8":{"start":{"line":9,"column":0},"end":{"line":9,"column":51}},"9":{"start":{"line":10,"column":0},"end":{"line":10,"column":58}},"10":{"start":{"line":11,"column":0},"end":{"line":11,"column":1}},"11":{"start":{"line":12,"column":0},"end":{"line":12,"column":0}},"12":{"start":{"line":13,"column":0},"end":{"line":13,"column":58}},"13":{"start":{"line":14,"column":0},"end":{"line":14,"column":36}},"14":{"start":{"line":15,"column":0},"end":{"line":15,"column":63}},"15":{"start":{"line":16,"column":0},"end":{"line":16,"column":56}},"16":{"start":{"line":17,"column":0},"end":{"line":17,"column":37}},"17":{"start":{"line":18,"column":0},"end":{"line":18,"column":1}},"18":{"start":{"line":19,"column":0},"end":{"line":19,"column":0}},"19":{"start":{"line":20,"column":0},"end":{"line":20,"column":58}},"20":{"start":{"line":21,"column":0},"end":{"line":21,"column":36}},"21":{"start":{"line":22,"column":0},"end":{"line":22,"column":63}},"22":{"start":{"line":23,"column":0},"end":{"line":23,"column":56}},"23":{"start":{"line":24,"column":0},"end":{"line":24,"column":37}},"24":{"start":{"line":25,"column":0},"end":{"line":25,"column":1}},"25":{"start":{"line":26,"column":0},"end":{"line":26,"column":0}},"26":{"start":{"line":27,"column":0},"end":{"line":27,"column":58}},"27":{"start":{"line":28,"column":0},"end":{"line":28,"column":36}},"28":{"start":{"line":29,"column":0},"end":{"line":29,"column":63}},"29":{"start":{"line":30,"column":0},"end":{"line":30,"column":56}},"30":{"start":{"line":31,"column":0},"end":{"line":31,"column":37}},"31":{"start":{"line":32,"column":0},"end":{"line":32,"column":1}},"32":{"start":{"line":33,"column":0},"end":{"line":33,"column":0}},"33":{"start":{"line":34,"column":0},"end":{"line":34,"column":55}},"34":{"start":{"line":35,"column":0},"end":{"line":35,"column":36}},"35":{"start":{"line":36,"column":0},"end":{"line":36,"column":1}},"36":{"start":{"line":37,"column":0},"end":{"line":37,"column":0}},"37":{"start":{"line":38,"column":0},"end":{"line":38,"column":75}},"38":{"start":{"line":39,"column":0},"end":{"line":39,"column":39}},"39":{"start":{"line":40,"column":0},"end":{"line":40,"column":31}},"40":{"start":{"line":41,"column":0},"end":{"line":41,"column":5}},"41":{"start":{"line":42,"column":0},"end":{"line":42,"column":17}},"42":{"start":{"line":43,"column":0},"end":{"line":43,"column":1}},"43":{"start":{"line":44,"column":0},"end":{"line":44,"column":0}},"44":{"start":{"line":45,"column":0},"end":{"line":45,"column":112}},"45":{"start":{"line":46,"column":0},"end":{"line":46,"column":49}},"46":{"start":{"line":47,"column":0},"end":{"line":47,"column":31}},"47":{"start":{"line":48,"column":0},"end":{"line":48,"column":5}},"48":{"start":{"line":49,"column":0},"end":{"line":49,"column":19}},"49":{"start":{"line":50,"column":0},"end":{"line":50,"column":47}},"50":{"start":{"line":51,"column":0},"end":{"line":51,"column":5}},"51":{"start":{"line":52,"column":0},"end":{"line":52,"column":102}},"52":{"start":{"line":53,"column":0},"end":{"line":53,"column":1}},"53":{"start":{"line":54,"column":0},"end":{"line":54,"column":0}},"54":{"start":{"line":55,"column":0},"end":{"line":55,"column":72}},"55":{"start":{"line":56,"column":0},"end":{"line":56,"column":26}},"56":{"start":{"line":57,"column":0},"end":{"line":57,"column":0}},"57":{"start":{"line":58,"column":0},"end":{"line":58,"column":57}},"58":{"start":{"line":59,"column":0},"end":{"line":59,"column":45}},"59":{"start":{"line":60,"column":0},"end":{"line":60,"column":34}},"60":{"start":{"line":61,"column":0},"end":{"line":61,"column":0}},"61":{"start":{"line":62,"column":0},"end":{"line":62,"column":42}},"62":{"start":{"line":63,"column":0},"end":{"line":63,"column":58}},"63":{"start":{"line":64,"column":0},"end":{"line":64,"column":58}},"64":{"start":{"line":65,"column":0},"end":{"line":65,"column":0}},"65":{"start":{"line":66,"column":0},"end":{"line":66,"column":33}},"66":{"start":{"line":67,"column":0},"end":{"line":67,"column":29}},"67":{"start":{"line":68,"column":0},"end":{"line":68,"column":13}},"68":{"start":{"line":69,"column":0},"end":{"line":69,"column":5}},"69":{"start":{"line":70,"column":0},"end":{"line":70,"column":0}},"70":{"start":{"line":71,"column":0},"end":{"line":71,"column":41}},"71":{"start":{"line":72,"column":0},"end":{"line":72,"column":26}},"72":{"start":{"line":73,"column":0},"end":{"line":73,"column":29}},"73":{"start":{"line":74,"column":0},"end":{"line":74,"column":28}},"74":{"start":{"line":75,"column":0},"end":{"line":75,"column":7}},"75":{"start":{"line":76,"column":0},"end":{"line":76,"column":0}},"76":{"start":{"line":77,"column":0},"end":{"line":77,"column":29}},"77":{"start":{"line":78,"column":0},"end":{"line":78,"column":53}},"78":{"start":{"line":79,"column":0},"end":{"line":79,"column":47}},"79":{"start":{"line":80,"column":0},"end":{"line":80,"column":5}},"80":{"start":{"line":81,"column":0},"end":{"line":81,"column":3}},"81":{"start":{"line":82,"column":0},"end":{"line":82,"column":0}},"82":{"start":{"line":83,"column":0},"end":{"line":83,"column":27}},"83":{"start":{"line":84,"column":0},"end":{"line":84,"column":17}},"84":{"start":{"line":85,"column":0},"end":{"line":85,"column":1}},"85":{"start":{"line":86,"column":0},"end":{"line":86,"column":0}},"86":{"start":{"line":87,"column":0},"end":{"line":87,"column":0}},"87":{"start":{"line":88,"column":0},"end":{"line":88,"column":0}},"88":{"start":{"line":89,"column":0},"end":{"line":89,"column":39}}},"s":{"0":1,"1":1,"2":1,"3":1,"4":0,"5":0,"6":1,"7":1,"8":0,"9":0,"10":0,"11":1,"12":1,"13":0,"14":0,"15":0,"16":0,"17":0,"18":1,"19":1,"20":0,"21":0,"22":0,"23":0,"24":0,"25":1,"26":1,"27":0,"28":0,"29":0,"30":0,"31":0,"32":1,"33":1,"34":0,"35":0,"36":1,"37":1,"38":0,"39":0,"40":0,"41":0,"42":0,"43":1,"44":1,"45":0,"46":0,"47":0,"48":0,"49":0,"50":0,"51":0,"52":0,"53":1,"54":1,"55":9,"56":9,"57":9,"58":28,"59":28,"60":21,"61":21,"62":28,"63":28,"64":28,"65":28,"66":8,"67":8,"68":8,"69":13,"70":13,"71":13,"72":13,"73":13,"74":13,"75":13,"76":28,"77":19,"78":19,"79":19,"80":13,"81":9,"82":9,"83":9,"84":9,"85":1,"86":1,"87":1,"88":1},"branchMap":{"0":{"type":"branch","line":55,"loc":{"start":{"line":55,"column":7},"end":{"line":85,"column":1}},"locations":[{"start":{"line":55,"column":7},"end":{"line":85,"column":1}}]},"1":{"type":"branch","line":58,"loc":{"start":{"line":58,"column":2},"end":{"line":81,"column":3}},"locations":[{"start":{"line":58,"column":2},"end":{"line":81,"column":3}}]},"2":{"type":"branch","line":60,"loc":{"start":{"line":60,"column":27},"end":{"line":60,"column":34}},"locations":[{"start":{"line":60,"column":27},"end":{"line":60,"column":34}}]},"3":{"type":"branch","line":60,"loc":{"start":{"line":60,"column":27},"end":{"line":63,"column":31}},"locations":[{"start":{"line":60,"column":27},"end":{"line":63,"column":31}}]},"4":{"type":"branch","line":63,"loc":{"start":{"line":63,"column":21},"end":{"line":63,"column":58}},"locations":[{"start":{"line":63,"column":21},"end":{"line":63,"column":58}}]},"5":{"type":"branch","line":64,"loc":{"start":{"line":64,"column":21},"end":{"line":64,"column":58}},"locations":[{"start":{"line":64,"column":21},"end":{"line":64,"column":58}}]},"6":{"type":"branch","line":66,"loc":{"start":{"line":66,"column":9},"end":{"line":66,"column":32}},"locations":[{"start":{"line":66,"column":9},"end":{"line":66,"column":32}}]},"7":{"type":"branch","line":66,"loc":{"start":{"line":66,"column":32},"end":{"line":69,"column":5}},"locations":[{"start":{"line":66,"column":32},"end":{"line":69,"column":5}}]},"8":{"type":"branch","line":69,"loc":{"start":{"line":69,"column":4},"end":{"line":77,"column":28}},"locations":[{"start":{"line":69,"column":4},"end":{"line":77,"column":28}}]},"9":{"type":"branch","line":77,"loc":{"start":{"line":77,"column":28},"end":{"line":80,"column":5}},"locations":[{"start":{"line":77,"column":28},"end":{"line":80,"column":5}}]},"10":{"type":"branch","line":78,"loc":{"start":{"line":78,"column":23},"end":{"line":78,"column":46}},"locations":[{"start":{"line":78,"column":23},"end":{"line":78,"column":46}}]},"11":{"type":"branch","line":78,"loc":{"start":{"line":78,"column":46},"end":{"line":78,"column":53}},"locations":[{"start":{"line":78,"column":46},"end":{"line":78,"column":53}}]},"12":{"type":"branch","line":80,"loc":{"start":{"line":80,"column":4},"end":{"line":81,"column":3}},"locations":[{"start":{"line":80,"column":4},"end":{"line":81,"column":3}}]}},"b":{"0":[9],"1":[28],"2":[7],"3":[21],"4":[19],"5":[20],"6":[14],"7":[8],"8":[13],"9":[19],"10":[7],"11":[12],"12":[13]},"fnMap":{"0":{"name":"cn","decl":{"start":{"line":4,"column":7},"end":{"line":6,"column":1}},"loc":{"start":{"line":4,"column":7},"end":{"line":6,"column":1}},"line":4},"1":{"name":"capitalizeFirstLetter","decl":{"start":{"line":8,"column":7},"end":{"line":11,"column":1}},"loc":{"start":{"line":8,"column":7},"end":{"line":11,"column":1}},"line":8},"2":{"name":"formatDateToYYYYMMDD","decl":{"start":{"line":13,"column":7},"end":{"line":18,"column":1}},"loc":{"start":{"line":13,"column":7},"end":{"line":18,"column":1}},"line":13},"3":{"name":"formatDateToDDMMYYYY","decl":{"start":{"line":20,"column":7},"end":{"line":25,"column":1}},"loc":{"start":{"line":20,"column":7},"end":{"line":25,"column":1}},"line":20},"4":{"name":"formatDateToMMDDYYYY","decl":{"start":{"line":27,"column":7},"end":{"line":32,"column":1}},"loc":{"start":{"line":27,"column":7},"end":{"line":32,"column":1}},"line":27},"5":{"name":"browserFromatDate","decl":{"start":{"line":34,"column":7},"end":{"line":36,"column":1}},"loc":{"start":{"line":34,"column":7},"end":{"line":36,"column":1}},"line":34},"6":{"name":"mayNotSepcified","decl":{"start":{"line":38,"column":7},"end":{"line":43,"column":1}},"loc":{"start":{"line":38,"column":7},"end":{"line":43,"column":1}},"line":38},"7":{"name":"toDateValue","decl":{"start":{"line":45,"column":7},"end":{"line":53,"column":1}},"loc":{"start":{"line":45,"column":7},"end":{"line":53,"column":1}},"line":45},"8":{"name":"objectsDifferenceCallculator","decl":{"start":{"line":55,"column":7},"end":{"line":85,"column":1}},"loc":{"start":{"line":55,"column":7},"end":{"line":85,"column":1}},"line":55},"9":{"name":"walk","decl":{"start":{"line":58,"column":2},"end":{"line":81,"column":3}},"loc":{"start":{"line":58,"column":2},"end":{"line":81,"column":3}},"line":58}},"f":{"0":0,"1":0,"2":0,"3":0,"4":0,"5":0,"6":0,"7":0,"8":9,"9":28}}
}
