TN:
SF:lib/utils.ts
FN:4,cn
FN:8,capitalizeFirstLetter
FN:13,formatDateToYYYYMMDD
FN:20,formatDateToDDMMYYYY
FN:27,formatDateToMMDDYYYY
FN:34,browserFromatDate
FN:38,mayNotSepcified
FN:45,toDateValue
FN:55,objectsDifferenceCallculator
FN:58,walk
FNF:10
FNH:2
FNDA:0,cn
FNDA:0,capitalizeFirstLetter
FNDA:0,formatDateToYYYYMMDD
FNDA:0,formatDateToDDMMYYYY
FNDA:0,formatDateToMMDDYYYY
FNDA:0,browserFromatDate
FNDA:0,mayNotSepcified
FNDA:0,toDateValue
FNDA:9,objectsDifferenceCallculator
FNDA:28,walk
DA:1,1
DA:2,1
DA:3,1
DA:4,1
DA:5,0
DA:6,0
DA:7,1
DA:8,1
DA:9,0
DA:10,0
DA:11,0
DA:12,1
DA:13,1
DA:14,0
DA:15,0
DA:16,0
DA:17,0
DA:18,0
DA:19,1
DA:20,1
DA:21,0
DA:22,0
DA:23,0
DA:24,0
DA:25,0
DA:26,1
DA:27,1
DA:28,0
DA:29,0
DA:30,0
DA:31,0
DA:32,0
DA:33,1
DA:34,1
DA:35,0
DA:36,0
DA:37,1
DA:38,1
DA:39,0
DA:40,0
DA:41,0
DA:42,0
DA:43,0
DA:44,1
DA:45,1
DA:46,0
DA:47,0
DA:48,0
DA:49,0
DA:50,0
DA:51,0
DA:52,0
DA:53,0
DA:54,1
DA:55,1
DA:56,9
DA:57,9
DA:58,9
DA:59,28
DA:60,28
DA:61,21
DA:62,21
DA:63,28
DA:64,28
DA:65,28
DA:66,28
DA:67,8
DA:68,8
DA:69,8
DA:70,13
DA:71,13
DA:72,13
DA:73,13
DA:74,13
DA:75,13
DA:76,13
DA:77,28
DA:78,19
DA:79,19
DA:80,19
DA:81,13
DA:82,9
DA:83,9
DA:84,9
DA:85,9
DA:86,1
DA:87,1
DA:88,1
DA:89,1
LF:89
LH:54
BRDA:55,0,0,9
BRDA:58,1,0,28
BRDA:60,2,0,7
BRDA:60,3,0,21
BRDA:63,4,0,19
BRDA:64,5,0,20
BRDA:66,6,0,14
BRDA:66,7,0,8
BRDA:69,8,0,13
BRDA:77,9,0,19
BRDA:78,10,0,7
BRDA:78,11,0,12
BRDA:80,12,0,13
BRF:13
BRH:13
end_of_record
